<?xml version="1.0" encoding="UTF-8"?>
<!-- Generated by org.testng.reporters.JUnitReportReporter -->
<testsuite hostname="LAPTOP-QKUUBAT3" failures="0" tests="1" name="test.Fblogintest" time="0.894" errors="0" timestamp="2023-06-12T12:47:07 IST" skipped="0">
  <testcase classname="test.Fblogintest" name="fbtest" time="0.894"/>
  <system-out/>
</testsuite> <!-- test.Fblogintest -->
